d:\source\cardgame\debug\cardgame.pch
d:\source\cardgame\debug\vc142.pdb
d:\source\cardgame\debug\vc142.idb
d:\source\cardgame\debug\pch.obj
d:\source\cardgame\debug\cardpickdlg.obj
d:\source\cardgame\debug\cardgamedlg.obj
d:\source\cardgame\debug\cardgame.obj
d:\source\cardgame\debug\cardgame.exe
d:\source\cardgame\debug\cardgame.ilk
d:\source\cardgame\debug\cardgame.pdb
d:\source\cardgame\debug\cardgame.res
d:\source\cardgame\debug\cardgame.tlog\cl.command.1.tlog
d:\source\cardgame\debug\cardgame.tlog\cl.read.1.tlog
d:\source\cardgame\debug\cardgame.tlog\cl.write.1.tlog
d:\source\cardgame\debug\cardgame.tlog\link.command.1.tlog
d:\source\cardgame\debug\cardgame.tlog\link.read.1.tlog
d:\source\cardgame\debug\cardgame.tlog\link.write.1.tlog
d:\source\cardgame\debug\cardgame.tlog\rc.command.1.tlog
d:\source\cardgame\debug\cardgame.tlog\rc.read.1.tlog
d:\source\cardgame\debug\cardgame.tlog\rc.write.1.tlog
